Informational: 3876, 2019/9/10, 22:32:27:100, Index: Environment started for 0 with process arguments C:\Program Files\nodejs\node.exe,E:\jstestadapter\artifacts\Debug\net451\index.js,127.0.0.1,57369,--diag,e%3A%5Cjstestadapter.
Informational: 3876, 2019/9/10, 22:32:27:104, TestRunner: Initializing communication.
Informational: 3876, 2019/9/10, 22:32:27:104, CommunicationManager: Connecting to socket: 127.0.0.1:57369.
Informational: 3876, 2019/9/10, 22:32:27:110, TestRunner: Communication initialized.
Informational: 3876, 2019/9/10, 22:32:27:207, CommunicationManager: Socket data received.
Informational: 3876, 2019/9/10, 22:32:27:209, CommunicationManager: Message received: {"byteCount":461,"dataObject":{"Version":1,"MessageType":"JSTest.TestRunSettings","Payload":{"CodeCoverageEnabled":false,"JavaScriptTestFramework":"Karma","TestFrameworkConfigJson":"{\n            \"timeout\": 60000,\n            \"testResultsPath\": \"testresults\",\n            \"debug\" : \"false\",\n            \"isPowerApps\" : \"false\",\n            \"frameworks\": [\"mocha\", \"chai\"],\n            \"browsers\": [\"Chrome\", \"PhantomJS\"]\n        }","AttachmentsFolder":""}}}.
Informational: 3876, 2019/9/10, 22:32:27:212, CommunicationManager: Sending message: 9{"Version":1,"MessageType":"ProtocolVersion","Payload":1}.
Informational: 3876, 2019/9/10, 22:32:27:262, CommunicationManager: Socket data received.
Informational: 3876, 2019/9/10, 22:32:27:262, CommunicationManager: Message received: {"byteCount":170,"dataObject":{"Version":1,"MessageType":"JSTest.StartWithSources","Payload":{"TestRunSettings":null,"Sources":["E:\\jstestadapter\\test\\JSTest.AcceptanceTests\\Karma\\test.4.js"]}}}.
Informational: 3876, 2019/9/10, 22:32:27:262, TestRunner: Starting execution with sources
Informational: 3876, 2019/9/10, 22:32:27:262, TestFrameworkFactory: initializing test framework factory
Informational: 3876, 2019/9/10, 22:32:27:262, TestSessionManager: initializing
Informational: 3876, 2019/9/10, 22:32:27:263, TestFrameworkFactory: Creating test framework 3.
Informational: 3876, 2019/9/10, 22:32:27:276, TestSessionManager: Added session with sources ["E:\\jstestadapter\\test\\JSTest.AcceptanceTests\\Karma\\test.4.js"]: Session ID: b3d91717-69da-aaeb-8107-d0599c8b6947
Informational: 3876, 2019/9/10, 22:32:27:303, TestSessionManager: Executing session in domain
Informational: 3876, 2019/9/10, 22:32:27:303, TestFrameworkFactory: Creating test framework 3.
Informational: 3876, 2019/9/10, 22:32:27:310, KarmaTestFramework: initializing Karma
Informational: 3876, 2019/9/10, 22:32:53:821, KarmaTestFramework: starting with options: {"timeout":60000,"testResultsPath":"testresults","debug":"false","isPowerApps":"false","frameworks":["mocha","chai"],"browsers":["Chrome","PhantomJS"]}
Informational: 3876, 2019/9/10, 22:32:53:822, KarmaTestFramework: Karma Server starting with config: {"files":["E:\\jstestadapter\\test\\JSTest.AcceptanceTests\\Karma\\test.4.js"],"frameworks":["mocha","chai"],"basePath":"","port":9900,"autoWatch":true,"failOnEmptyTestSuite":false,"reporters":["spec","karma"],"specReporter":{"suppressSkipped":true},"plugins":["karma-*","E:\\jstestadapter\\artifacts\\Debug\\net451\\TestRunner\\TestFrameworks\\Karma\\KarmaReporter.js"],"logLevel":"WARN","singleRun":true,"browsers":["Chrome","PhantomJS"],"karmaReporter":{"outputFile":"E:\\jstestadapter\\artifacts\\Debug\\net451\\TestRunner\\TestFrameworks\\Karma\\testresults\\karma-test-results-dekamb-desktop5-dekamb-1568093573821.trx","shortTestName":false,"discovery":false,"configFilePath":"E:\\jstestadapter\\test\\JSTest.AcceptanceTests\\Karma\\test.4.js"}}
Informational: 3876, 2019/9/10, 22:32:53:822, KarmaTestFramework: Karma Server started at 9900 ...
Informational: 3876, 2019/9/10, 22:32:54:15, BaseTestFramework: Test session done received without active session.
Informational: 3876, 2019/9/10, 22:32:54:15, JobQueue: Promise queued.
Informational: 3876, 2019/9/10, 22:32:54:16, JobQueue: Executing job.
Informational: 3876, 2019/9/10, 22:32:54:97, BaseTestFramework: Test session started
Informational: 3876, 2019/9/10, 22:32:54:108, KarmaTestFramework: Karma server exited gracefully
Informational: 3876, 2019/9/10, 22:33:01:71, BaseTestFramework: Test result received {"TestCase":{"FullyQualifiedName":"Test Suite # 1:Test Case # 1Test Suite # 1: Test Case # 1 [Chrome 76.0.3809 (Windows 10.0.0)]","Source":"E:\\jstestadapter\\test\\JSTest.AcceptanceTests\\Karma\\test.4.js","ExecutorUri":"executor://JSTestAdapter/v1","DisplayName":"Test Suite # 1: Test Case # 1 [Chrome 76.0.3809 (Windows 10.0.0)]","LineNumber":-1,"Properties":[],"CodeFilePath":"","Id":"7802231c-9632-ae8d-4fe1-5014ce2cef62","AttachmentGuid":null},"FailedExpectations":[],"Outcome":"Passed","Source":"E:\\jstestadapter\\test\\JSTest.AcceptanceTests\\Karma\\test.4.js","StartTime":"2019-09-10T05:33:01.058Z","InProgress":false,"EndTime":"2019-09-10T05:33:01.059Z"}
Informational: 3876, 2019/9/10, 22:33:01:71, ExectuionManager.getTestAttachments: getting attachments for test case Test Suite # 1: Test Case # 1 [Chrome 76.0.3809 (Windows 10.0.0)]
Informational: 3876, 2019/9/10, 22:33:01:72, CommunicationManager: Sending message: ´{"Version":1,"MessageType":"JSTest.TestCaseEnd","Payload":{"TestResult":{"TestCase":{"FullyQualifiedName":"Test Suite # 1:Test Case # 1Test Suite # 1: Test Case # 1 [Chrome 76.0.3809 (Windows 10.0.0)]","Source":"E:\\jstestadapter\\test\\JSTest.AcceptanceTests\\Karma\\test.4.js","ExecutorUri":"executor://JSTestAdapter/v1","DisplayName":"Test Suite # 1: Test Case # 1 [Chrome 76.0.3809 (Windows 10.0.0)]","LineNumber":-1,"Properties":[],"CodeFilePath":"","Id":"7802231c-9632-ae8d-4fe1-5014ce2cef62","AttachmentGuid":null},"Attachments":[],"Outcome":"Passed","ErrorMessage":null,"ErrorStackTrace":null,"DisplayName":"Test Suite # 1: Test Case # 1 [Chrome 76.0.3809 (Windows 10.0.0)]","Messages":[],"ComputerName":null,"Duration":"00:00:0.001","StartTime":"2019-09-10T05:33:01.058Z","EndTime":"2019-09-10T05:33:01.059Z"}}}.
Informational: 3876, 2019/9/10, 22:33:01:75, BaseTestFramework: Test result received {"TestCase":{"FullyQualifiedName":"Test Suite # 1:Test Case # 2Test Suite # 1: Test Case # 2 [Chrome 76.0.3809 (Windows 10.0.0)]","Source":"E:\\jstestadapter\\test\\JSTest.AcceptanceTests\\Karma\\test.4.js","ExecutorUri":"executor://JSTestAdapter/v1","DisplayName":"Test Suite # 1: Test Case # 2 [Chrome 76.0.3809 (Windows 10.0.0)]","LineNumber":-1,"Properties":[],"CodeFilePath":"","Id":"c27add62-c94d-258a-c7cb-f52487c76273","AttachmentGuid":null},"FailedExpectations":[{"Message":"failure","StackTrace":"AssertionError: failure\n    at Context.<anonymous> (test/JSTest.AcceptanceTests/Karma/test.4.js:6:16)\n"}],"Outcome":"Failed","Source":"E:\\jstestadapter\\test\\JSTest.AcceptanceTests\\Karma\\test.4.js","StartTime":"2019-09-10T05:33:01.059Z","InProgress":false,"EndTime":"2019-09-10T05:33:01.063Z"}
Informational: 3876, 2019/9/10, 22:33:01:75, ExectuionManager.getTestAttachments: getting attachments for test case Test Suite # 1: Test Case # 2 [Chrome 76.0.3809 (Windows 10.0.0)]
Informational: 3876, 2019/9/10, 22:33:01:75, CommunicationManager: Sending message: {"Version":1,"MessageType":"JSTest.TestCaseEnd","Payload":{"TestResult":{"TestCase":{"FullyQualifiedName":"Test Suite # 1:Test Case # 2Test Suite # 1: Test Case # 2 [Chrome 76.0.3809 (Windows 10.0.0)]","Source":"E:\\jstestadapter\\test\\JSTest.AcceptanceTests\\Karma\\test.4.js","ExecutorUri":"executor://JSTestAdapter/v1","DisplayName":"Test Suite # 1: Test Case # 2 [Chrome 76.0.3809 (Windows 10.0.0)]","LineNumber":-1,"Properties":[],"CodeFilePath":"","Id":"c27add62-c94d-258a-c7cb-f52487c76273","AttachmentGuid":null},"Attachments":[],"Outcome":"Failed","ErrorMessage":"failure","ErrorStackTrace":"AssertionError: failure\n    at Context.<anonymous> (test/JSTest.AcceptanceTests/Karma/test.4.js:6:16)\n","DisplayName":"Test Suite # 1: Test Case # 2 [Chrome 76.0.3809 (Windows 10.0.0)]","Messages":[],"ComputerName":null,"Duration":"00:00:0.004","StartTime":"2019-09-10T05:33:01.059Z","EndTime":"2019-09-10T05:33:01.063Z"}}}.
Informational: 3876, 2019/9/10, 22:33:05:48, BaseTestFramework: Test result received {"TestCase":{"FullyQualifiedName":"Test Suite # 1:Test Case # 1Test Suite # 1: Test Case # 1 [PhantomJS 2.1.1 (Windows 8.0.0)]","Source":"E:\\jstestadapter\\test\\JSTest.AcceptanceTests\\Karma\\test.4.js","ExecutorUri":"executor://JSTestAdapter/v1","DisplayName":"Test Suite # 1: Test Case # 1 [PhantomJS 2.1.1 (Windows 8.0.0)]","LineNumber":-1,"Properties":[],"CodeFilePath":"","Id":"ba54d7bb-0c0b-2647-bbe6-caface139ff4","AttachmentGuid":null},"FailedExpectations":[],"Outcome":"Passed","Source":"E:\\jstestadapter\\test\\JSTest.AcceptanceTests\\Karma\\test.4.js","StartTime":"2019-09-10T05:33:05.043Z","InProgress":false,"EndTime":"2019-09-10T05:33:05.044Z"}
Informational: 3876, 2019/9/10, 22:33:05:49, ExectuionManager.getTestAttachments: getting attachments for test case Test Suite # 1: Test Case # 1 [PhantomJS 2.1.1 (Windows 8.0.0)]
Informational: 3876, 2019/9/10, 22:33:05:49, CommunicationManager: Sending message: ®{"Version":1,"MessageType":"JSTest.TestCaseEnd","Payload":{"TestResult":{"TestCase":{"FullyQualifiedName":"Test Suite # 1:Test Case # 1Test Suite # 1: Test Case # 1 [PhantomJS 2.1.1 (Windows 8.0.0)]","Source":"E:\\jstestadapter\\test\\JSTest.AcceptanceTests\\Karma\\test.4.js","ExecutorUri":"executor://JSTestAdapter/v1","DisplayName":"Test Suite # 1: Test Case # 1 [PhantomJS 2.1.1 (Windows 8.0.0)]","LineNumber":-1,"Properties":[],"CodeFilePath":"","Id":"ba54d7bb-0c0b-2647-bbe6-caface139ff4","AttachmentGuid":null},"Attachments":[],"Outcome":"Passed","ErrorMessage":null,"ErrorStackTrace":null,"DisplayName":"Test Suite # 1: Test Case # 1 [PhantomJS 2.1.1 (Windows 8.0.0)]","Messages":[],"ComputerName":null,"Duration":"00:00:0.001","StartTime":"2019-09-10T05:33:05.043Z","EndTime":"2019-09-10T05:33:05.044Z"}}}.
Informational: 3876, 2019/9/10, 22:33:05:50, BaseTestFramework: Test result received {"TestCase":{"FullyQualifiedName":"Test Suite # 1:Test Case # 2Test Suite # 1: Test Case # 2 [PhantomJS 2.1.1 (Windows 8.0.0)]","Source":"E:\\jstestadapter\\test\\JSTest.AcceptanceTests\\Karma\\test.4.js","ExecutorUri":"executor://JSTestAdapter/v1","DisplayName":"Test Suite # 1: Test Case # 2 [PhantomJS 2.1.1 (Windows 8.0.0)]","LineNumber":-1,"Properties":[],"CodeFilePath":"","Id":"b70872d8-e156-457b-98be-feae6ff68f14","AttachmentGuid":null},"FailedExpectations":[{"Message":"failure","StackTrace":"failure\nAssertionError@node_modules/chai/chai.js:9449:24\nfail@node_modules/chai/chai.js:4241:34\ntest/JSTest.AcceptanceTests/Karma/test.4.js:6:20\n"}],"Outcome":"Failed","Source":"E:\\jstestadapter\\test\\JSTest.AcceptanceTests\\Karma\\test.4.js","StartTime":"2019-09-10T05:33:05.045Z","InProgress":false,"EndTime":"2019-09-10T05:33:05.046Z"}
Informational: 3876, 2019/9/10, 22:33:05:50, ExectuionManager.getTestAttachments: getting attachments for test case Test Suite # 1: Test Case # 2 [PhantomJS 2.1.1 (Windows 8.0.0)]
Informational: 3876, 2019/9/10, 22:33:05:50, CommunicationManager: Sending message: Æ{"Version":1,"MessageType":"JSTest.TestCaseEnd","Payload":{"TestResult":{"TestCase":{"FullyQualifiedName":"Test Suite # 1:Test Case # 2Test Suite # 1: Test Case # 2 [PhantomJS 2.1.1 (Windows 8.0.0)]","Source":"E:\\jstestadapter\\test\\JSTest.AcceptanceTests\\Karma\\test.4.js","ExecutorUri":"executor://JSTestAdapter/v1","DisplayName":"Test Suite # 1: Test Case # 2 [PhantomJS 2.1.1 (Windows 8.0.0)]","LineNumber":-1,"Properties":[],"CodeFilePath":"","Id":"b70872d8-e156-457b-98be-feae6ff68f14","AttachmentGuid":null},"Attachments":[],"Outcome":"Failed","ErrorMessage":"failure","ErrorStackTrace":"failure\nAssertionError@node_modules/chai/chai.js:9449:24\nfail@node_modules/chai/chai.js:4241:34\ntest/JSTest.AcceptanceTests/Karma/test.4.js:6:20\n","DisplayName":"Test Suite # 1: Test Case # 2 [PhantomJS 2.1.1 (Windows 8.0.0)]","Messages":[],"ComputerName":null,"Duration":"00:00:0.001","StartTime":"2019-09-10T05:33:05.045Z","EndTime":"2019-09-10T05:33:05.046Z"}}}.
Warning: 3876, 2019/9/10, 22:33:05:76, BaseTestFramework: Error message was received from test framework: KarmaTestFramework: Karma Server exited with code: 1
 1
Informational: 3876, 2019/9/10, 22:33:05:76, CommunicationManager: Sending message: {"Version":1,"MessageType":"JSTest.TestMessage","Payload":{"MessageLevel":2,"Message":"KarmaTestFramework: Karma Server exited with code: 1\n 1"}}.
Informational: 3876, 2019/9/10, 22:33:05:77, TestSessionManager: Session b3d91717-69da-aaeb-8107-d0599c8b6947 completed.
Informational: 3876, 2019/9/10, 22:33:05:77, CommunicationManager: Sending message: E{"Version":1,"MessageType":"JSText.ExecutionComplete","Payload":null}.
Informational: 3876, 2019/9/10, 22:33:05:77, BaseTestFramework: Test session done {"Sources":["E:\\jstestadapter\\test\\JSTest.AcceptanceTests\\Karma\\test.4.js"],"SessionId":"b3d91717-69da-aaeb-8107-d0599c8b6947","StartTime":"2019-09-10T05:32:54.097Z","InProgress":false,"EndTime":"2019-09-10T05:33:05.077Z"}
